<?xml version="1.0" encoding="UTF-8"?>
<!-- Generated by org.testng.reporters.JUnitReportReporter -->
<testsuite skipped="0" hostname="DESKTOP-JMKD5AV" name="com.qa.tests.HomePageTest" tests="1" failures="0" timestamp="23 Jan 2019 08:32:00 GMT" time="16.006" errors="0">
  <testcase name="doLogin" time="16.006" classname="com.qa.tests.HomePageTest"/>
</testsuite> <!-- com.qa.tests.HomePageTest -->
